2025-02-13 10:34:54,404 UTC = INFO - Starting folder synchronization.
2025-02-13 10:34:54,500 UTC = INFO - Synchronization completed. Waiting 20 seconds...
2025-02-13 10:35:14,528 UTC = INFO - Synchronization completed. Waiting 20 seconds...
2025-02-13 10:35:34,555 UTC = INFO - Synchronization completed. Waiting 20 seconds...
2025-02-13 10:35:54,583 UTC = INFO - Synchronization completed. Waiting 20 seconds...
2025-02-13 10:36:14,611 UTC = INFO - Synchronization completed. Waiting 20 seconds...
2025-02-13 10:36:34,638 UTC = INFO - Synchronization completed. Waiting 20 seconds...
2025-02-13 10:36:54,654 UTC = INFO - Copied: /home/hoskim/Desktop/42_repositories/client_to_server_messenger/.git/hooks/post-update.sample -> /home/hoskim/Desktop/f/client_to_server_messenger/.git/hooks/post-update.sample
2025-02-13 10:36:54,656 UTC = INFO - Copied: /home/hoskim/Desktop/42_repositories/client_to_server_messenger/.git/objects/fb/34e74a05203162aee2daa0937182f958fbb144 -> /home/hoskim/Desktop/f/client_to_server_messenger/.git/objects/fb/34e74a05203162aee2daa0937182f958fbb144
2025-02-13 10:36:54,659 UTC = INFO - Copied: /home/hoskim/Desktop/42_repositories/client_to_server_messenger/.git/objects/9e/e07d64e2840bd963bb5501ddd1d418b30cead5 -> /home/hoskim/Desktop/f/client_to_server_messenger/.git/objects/9e/e07d64e2840bd963bb5501ddd1d418b30cead5
2025-02-13 10:36:54,661 UTC = INFO - Copied: /home/hoskim/Desktop/42_repositories/client_to_server_messenger/.git/objects/17/69edde22a6a8c632e2047c50a1cb70da0af885 -> /home/hoskim/Desktop/f/client_to_server_messenger/.git/objects/17/69edde22a6a8c632e2047c50a1cb70da0af885
2025-02-13 10:36:54,662 UTC = INFO - Copied: /home/hoskim/Desktop/42_repositories/client_to_server_messenger/.git/objects/dd/02637638691981346ef6a34fd33d52378b9f21 -> /home/hoskim/Desktop/f/client_to_server_messenger/.git/objects/dd/02637638691981346ef6a34fd33d52378b9f21
2025-02-13 10:36:54,664 UTC = INFO - Copied: /home/hoskim/Desktop/42_repositories/client_to_server_messenger/src/server_utils.c -> /home/hoskim/Desktop/f/client_to_server_messenger/src/server_utils.c
2025-02-13 10:36:54,666 UTC = INFO - Copied: /home/hoskim/Desktop/42_repositories/client_to_server_messenger/.git/objects/17/7d1fadd0e7df97a809f0aeb5d2f9c23ad5c78b -> /home/hoskim/Desktop/f/client_to_server_messenger/.git/objects/17/7d1fadd0e7df97a809f0aeb5d2f9c23ad5c78b
2025-02-13 10:36:54,668 UTC = INFO - Copied: /home/hoskim/Desktop/42_repositories/client_to_server_messenger/.git/logs/refs/remotes/origin/main -> /home/hoskim/Desktop/f/client_to_server_messenger/.git/logs/refs/remotes/origin/main
2025-02-13 10:36:54,669 UTC = INFO - Copied: /home/hoskim/Desktop/42_repositories/client_to_server_messenger/.git/objects/6e/eefb6d588a98398417c8d02ca684cc51a106f2 -> /home/hoskim/Desktop/f/client_to_server_messenger/.git/objects/6e/eefb6d588a98398417c8d02ca684cc51a106f2
2025-02-13 10:36:54,671 UTC = INFO - Copied: /home/hoskim/Desktop/42_repositories/client_to_server_messenger/.git/packed-refs -> /home/hoskim/Desktop/f/client_to_server_messenger/.git/packed-refs
2025-02-13 10:36:54,672 UTC = INFO - Copied: /home/hoskim/Desktop/42_repositories/client_to_server_messenger/.git/objects/dd/dc207fab3314bb5e25ce881f3fb2e819accdd3 -> /home/hoskim/Desktop/f/client_to_server_messenger/.git/objects/dd/dc207fab3314bb5e25ce881f3fb2e819accdd3
2025-02-13 10:36:54,674 UTC = INFO - Copied: /home/hoskim/Desktop/42_repositories/client_to_server_messenger/.git/objects/23/c777af3ecf12ea42ca9295995986078e6a85ee -> /home/hoskim/Desktop/f/client_to_server_messenger/.git/objects/23/c777af3ecf12ea42ca9295995986078e6a85ee
2025-02-13 10:36:54,675 UTC = INFO - Copied: /home/hoskim/Desktop/42_repositories/client_to_server_messenger/src/server.c -> /home/hoskim/Desktop/f/client_to_server_messenger/src/server.c
2025-02-13 10:36:54,677 UTC = INFO - Copied: /home/hoskim/Desktop/42_repositories/client_to_server_messenger/.git/logs/refs/heads/main -> /home/hoskim/Desktop/f/client_to_server_messenger/.git/logs/refs/heads/main
2025-02-13 10:36:54,678 UTC = INFO - Copied: /home/hoskim/Desktop/42_repositories/client_to_server_messenger/.git/hooks/applypatch-msg.sample -> /home/hoskim/Desktop/f/client_to_server_messenger/.git/hooks/applypatch-msg.sample
2025-02-13 10:36:54,680 UTC = INFO - Copied: /home/hoskim/Desktop/42_repositories/client_to_server_messenger/.git/COMMIT_EDITMSG -> /home/hoskim/Desktop/f/client_to_server_messenger/.git/COMMIT_EDITMSG
2025-02-13 10:36:54,681 UTC = INFO - Copied: /home/hoskim/Desktop/42_repositories/client_to_server_messenger/.git/hooks/update.sample -> /home/hoskim/Desktop/f/client_to_server_messenger/.git/hooks/update.sample
2025-02-13 10:36:54,683 UTC = INFO - Copied: /home/hoskim/Desktop/42_repositories/client_to_server_messenger/.git/hooks/fsmonitor-watchman.sample -> /home/hoskim/Desktop/f/client_to_server_messenger/.git/hooks/fsmonitor-watchman.sample
2025-02-13 10:36:54,685 UTC = INFO - Copied: /home/hoskim/Desktop/42_repositories/client_to_server_messenger/.git/HEAD -> /home/hoskim/Desktop/f/client_to_server_messenger/.git/HEAD
2025-02-13 10:36:54,686 UTC = INFO - Copied: /home/hoskim/Desktop/42_repositories/client_to_server_messenger/includes/minitalk.h -> /home/hoskim/Desktop/f/client_to_server_messenger/includes/minitalk.h
2025-02-13 10:36:54,687 UTC = INFO - Copied: /home/hoskim/Desktop/42_repositories/client_to_server_messenger/.git/objects/3d/d3709f1e85da1e7e0f0bbceaeba026d724ff2b -> /home/hoskim/Desktop/f/client_to_server_messenger/.git/objects/3d/d3709f1e85da1e7e0f0bbceaeba026d724ff2b
2025-02-13 10:36:54,689 UTC = INFO - Copied: /home/hoskim/Desktop/42_repositories/client_to_server_messenger/.git/info/exclude -> /home/hoskim/Desktop/f/client_to_server_messenger/.git/info/exclude
2025-02-13 10:36:54,690 UTC = INFO - Copied: /home/hoskim/Desktop/42_repositories/client_to_server_messenger/.git/description -> /home/hoskim/Desktop/f/client_to_server_messenger/.git/description
2025-02-13 10:36:54,691 UTC = INFO - Copied: /home/hoskim/Desktop/42_repositories/client_to_server_messenger/.git/objects/d5/00beaa33d1acfc24f8b11805ec7286e9fbc6c7 -> /home/hoskim/Desktop/f/client_to_server_messenger/.git/objects/d5/00beaa33d1acfc24f8b11805ec7286e9fbc6c7
2025-02-13 10:36:54,692 UTC = INFO - Copied: /home/hoskim/Desktop/42_repositories/client_to_server_messenger/.git/objects/10/7767d22aa6d0888270c7909e917a9f20e0d4ff -> /home/hoskim/Desktop/f/client_to_server_messenger/.git/objects/10/7767d22aa6d0888270c7909e917a9f20e0d4ff
2025-02-13 10:36:54,693 UTC = INFO - Copied: /home/hoskim/Desktop/42_repositories/client_to_server_messenger/.git/hooks/pre-merge-commit.sample -> /home/hoskim/Desktop/f/client_to_server_messenger/.git/hooks/pre-merge-commit.sample
2025-02-13 10:36:54,694 UTC = INFO - Copied: /home/hoskim/Desktop/42_repositories/client_to_server_messenger/.git/objects/41/0a424888480d42c1babdc849895ee4eed9b966 -> /home/hoskim/Desktop/f/client_to_server_messenger/.git/objects/41/0a424888480d42c1babdc849895ee4eed9b966
2025-02-13 10:36:54,695 UTC = INFO - Copied: /home/hoskim/Desktop/42_repositories/client_to_server_messenger/.git/objects/7b/a6cbe0497095267d2b6c305b82bbb94fa8914e -> /home/hoskim/Desktop/f/client_to_server_messenger/.git/objects/7b/a6cbe0497095267d2b6c305b82bbb94fa8914e
2025-02-13 10:36:54,697 UTC = INFO - Copied: /home/hoskim/Desktop/42_repositories/client_to_server_messenger/.git/objects/pack/pack-ab09b52f681ad34bc87fad6c44f91d7ed2514489.idx -> /home/hoskim/Desktop/f/client_to_server_messenger/.git/objects/pack/pack-ab09b52f681ad34bc87fad6c44f91d7ed2514489.idx
2025-02-13 10:36:54,698 UTC = INFO - Copied: /home/hoskim/Desktop/42_repositories/client_to_server_messenger/.git/objects/23/129c1889d4aada499bee7129f7b260f3d4e7a8 -> /home/hoskim/Desktop/f/client_to_server_messenger/.git/objects/23/129c1889d4aada499bee7129f7b260f3d4e7a8
2025-02-13 10:36:54,699 UTC = INFO - Copied: /home/hoskim/Desktop/42_repositories/client_to_server_messenger/.git/index -> /home/hoskim/Desktop/f/client_to_server_messenger/.git/index
2025-02-13 10:36:54,701 UTC = INFO - Copied: /home/hoskim/Desktop/42_repositories/client_to_server_messenger/.git/hooks/push-to-checkout.sample -> /home/hoskim/Desktop/f/client_to_server_messenger/.git/hooks/push-to-checkout.sample
2025-02-13 10:36:54,702 UTC = INFO - Copied: /home/hoskim/Desktop/42_repositories/client_to_server_messenger/.git/objects/25/09c6a15ea343535d280f0d00966d917e05c682 -> /home/hoskim/Desktop/f/client_to_server_messenger/.git/objects/25/09c6a15ea343535d280f0d00966d917e05c682
2025-02-13 10:36:54,703 UTC = INFO - Copied: /home/hoskim/Desktop/42_repositories/client_to_server_messenger/.git/objects/55/b55885f66fe82e5f75bb16b878c5efdb08be69 -> /home/hoskim/Desktop/f/client_to_server_messenger/.git/objects/55/b55885f66fe82e5f75bb16b878c5efdb08be69
2025-02-13 10:36:54,704 UTC = INFO - Copied: /home/hoskim/Desktop/42_repositories/client_to_server_messenger/.git/objects/c8/b4f8376c47988cb33803266689101c47719aff -> /home/hoskim/Desktop/f/client_to_server_messenger/.git/objects/c8/b4f8376c47988cb33803266689101c47719aff
2025-02-13 10:36:54,705 UTC = INFO - Copied: /home/hoskim/Desktop/42_repositories/client_to_server_messenger/.git/hooks/pre-commit.sample -> /home/hoskim/Desktop/f/client_to_server_messenger/.git/hooks/pre-commit.sample
2025-02-13 10:36:54,706 UTC = INFO - Copied: /home/hoskim/Desktop/42_repositories/client_to_server_messenger/.git/objects/03/78bf3c8f78eb786086c3f1d9daed0a0eadab21 -> /home/hoskim/Desktop/f/client_to_server_messenger/.git/objects/03/78bf3c8f78eb786086c3f1d9daed0a0eadab21
2025-02-13 10:36:54,708 UTC = INFO - Copied: /home/hoskim/Desktop/42_repositories/client_to_server_messenger/.git/ORIG_HEAD -> /home/hoskim/Desktop/f/client_to_server_messenger/.git/ORIG_HEAD
2025-02-13 10:36:54,709 UTC = INFO - Copied: /home/hoskim/Desktop/42_repositories/client_to_server_messenger/.git/FETCH_HEAD -> /home/hoskim/Desktop/f/client_to_server_messenger/.git/FETCH_HEAD
2025-02-13 10:36:54,710 UTC = INFO - Copied: /home/hoskim/Desktop/42_repositories/client_to_server_messenger/.git/objects/ed/e400ab7704fe4f5e02c034c5e3378fcefbc838 -> /home/hoskim/Desktop/f/client_to_server_messenger/.git/objects/ed/e400ab7704fe4f5e02c034c5e3378fcefbc838
2025-02-13 10:36:54,713 UTC = INFO - Copied: /home/hoskim/Desktop/42_repositories/client_to_server_messenger/.git/objects/pack/pack-ab09b52f681ad34bc87fad6c44f91d7ed2514489.pack -> /home/hoskim/Desktop/f/client_to_server_messenger/.git/objects/pack/pack-ab09b52f681ad34bc87fad6c44f91d7ed2514489.pack
2025-02-13 10:36:54,715 UTC = INFO - Copied: /home/hoskim/Desktop/42_repositories/client_to_server_messenger/.git/objects/e6/fd47638f00304910ba896973734e062eace20a -> /home/hoskim/Desktop/f/client_to_server_messenger/.git/objects/e6/fd47638f00304910ba896973734e062eace20a
2025-02-13 10:36:54,716 UTC = INFO - Copied: /home/hoskim/Desktop/42_repositories/client_to_server_messenger/.git/objects/57/3cdf6a1a015f223bfbaec93e8489f65be71bb4 -> /home/hoskim/Desktop/f/client_to_server_messenger/.git/objects/57/3cdf6a1a015f223bfbaec93e8489f65be71bb4
2025-02-13 10:36:54,717 UTC = INFO - Copied: /home/hoskim/Desktop/42_repositories/client_to_server_messenger/.git/objects/e5/c626f43cde9a6450ea5eee4f7ba3ff985d3871 -> /home/hoskim/Desktop/f/client_to_server_messenger/.git/objects/e5/c626f43cde9a6450ea5eee4f7ba3ff985d3871
2025-02-13 10:36:54,719 UTC = INFO - Copied: /home/hoskim/Desktop/42_repositories/client_to_server_messenger/Makefile -> /home/hoskim/Desktop/f/client_to_server_messenger/Makefile
2025-02-13 10:36:54,720 UTC = INFO - Copied: /home/hoskim/Desktop/42_repositories/client_to_server_messenger/src/utils.c -> /home/hoskim/Desktop/f/client_to_server_messenger/src/utils.c
2025-02-13 10:36:54,721 UTC = INFO - Copied: /home/hoskim/Desktop/42_repositories/client_to_server_messenger/.git/objects/e6/724ece690ab1c186e4f01b3d7d6991fcd42430 -> /home/hoskim/Desktop/f/client_to_server_messenger/.git/objects/e6/724ece690ab1c186e4f01b3d7d6991fcd42430
2025-02-13 10:36:54,722 UTC = INFO - Copied: /home/hoskim/Desktop/42_repositories/client_to_server_messenger/.git/hooks/commit-msg.sample -> /home/hoskim/Desktop/f/client_to_server_messenger/.git/hooks/commit-msg.sample
2025-02-13 10:36:54,723 UTC = INFO - Copied: /home/hoskim/Desktop/42_repositories/client_to_server_messenger/.git/objects/0e/98bb686a4016df74d3a1f39c0926229949446b -> /home/hoskim/Desktop/f/client_to_server_messenger/.git/objects/0e/98bb686a4016df74d3a1f39c0926229949446b
2025-02-13 10:36:54,724 UTC = INFO - Copied: /home/hoskim/Desktop/42_repositories/client_to_server_messenger/.git/objects/eb/bf33529d6eba29897729fa48d3b5810ea0d27c -> /home/hoskim/Desktop/f/client_to_server_messenger/.git/objects/eb/bf33529d6eba29897729fa48d3b5810ea0d27c
2025-02-13 10:36:54,725 UTC = INFO - Copied: /home/hoskim/Desktop/42_repositories/client_to_server_messenger/.git/objects/ab/9bf39262a22680ca4f81a5af37c7c05f1039a9 -> /home/hoskim/Desktop/f/client_to_server_messenger/.git/objects/ab/9bf39262a22680ca4f81a5af37c7c05f1039a9
2025-02-13 10:36:54,726 UTC = INFO - Copied: /home/hoskim/Desktop/42_repositories/client_to_server_messenger/.git/hooks/pre-rebase.sample -> /home/hoskim/Desktop/f/client_to_server_messenger/.git/hooks/pre-rebase.sample
2025-02-13 10:36:54,728 UTC = INFO - Copied: /home/hoskim/Desktop/42_repositories/client_to_server_messenger/.git/hooks/pre-applypatch.sample -> /home/hoskim/Desktop/f/client_to_server_messenger/.git/hooks/pre-applypatch.sample
2025-02-13 10:36:54,729 UTC = INFO - Copied: /home/hoskim/Desktop/42_repositories/client_to_server_messenger/.git/logs/HEAD -> /home/hoskim/Desktop/f/client_to_server_messenger/.git/logs/HEAD
2025-02-13 10:36:54,730 UTC = INFO - Copied: /home/hoskim/Desktop/42_repositories/client_to_server_messenger/.git/refs/heads/main -> /home/hoskim/Desktop/f/client_to_server_messenger/.git/refs/heads/main
2025-02-13 10:36:54,731 UTC = INFO - Copied: /home/hoskim/Desktop/42_repositories/client_to_server_messenger/.git/objects/1d/34a61db4cf923637e921978a055f1730ee0575 -> /home/hoskim/Desktop/f/client_to_server_messenger/.git/objects/1d/34a61db4cf923637e921978a055f1730ee0575
2025-02-13 10:36:54,733 UTC = INFO - Copied: /home/hoskim/Desktop/42_repositories/client_to_server_messenger/.git/objects/b4/8ee25fc3975698b0bbee3877e6141d1716b2f5 -> /home/hoskim/Desktop/f/client_to_server_messenger/.git/objects/b4/8ee25fc3975698b0bbee3877e6141d1716b2f5
2025-02-13 10:36:54,734 UTC = INFO - Copied: /home/hoskim/Desktop/42_repositories/client_to_server_messenger/.git/hooks/pre-receive.sample -> /home/hoskim/Desktop/f/client_to_server_messenger/.git/hooks/pre-receive.sample
2025-02-13 10:36:54,735 UTC = INFO - Copied: /home/hoskim/Desktop/42_repositories/client_to_server_messenger/.git/objects/7d/009260297bf712225ccfbacbe4b36887ef87a2 -> /home/hoskim/Desktop/f/client_to_server_messenger/.git/objects/7d/009260297bf712225ccfbacbe4b36887ef87a2
2025-02-13 10:36:54,737 UTC = INFO - Copied: /home/hoskim/Desktop/42_repositories/client_to_server_messenger/.git/logs/refs/remotes/origin/HEAD -> /home/hoskim/Desktop/f/client_to_server_messenger/.git/logs/refs/remotes/origin/HEAD
2025-02-13 10:36:54,738 UTC = INFO - Copied: /home/hoskim/Desktop/42_repositories/client_to_server_messenger/src/client.c -> /home/hoskim/Desktop/f/client_to_server_messenger/src/client.c
2025-02-13 10:36:54,739 UTC = INFO - Copied: /home/hoskim/Desktop/42_repositories/client_to_server_messenger/.git/objects/0f/591760a9ce6cae8bbb2c91051e9108c6e19c26 -> /home/hoskim/Desktop/f/client_to_server_messenger/.git/objects/0f/591760a9ce6cae8bbb2c91051e9108c6e19c26
2025-02-13 10:36:54,740 UTC = INFO - Copied: /home/hoskim/Desktop/42_repositories/client_to_server_messenger/.git/objects/81/c478a294d4a6603b3d4a4246b0945ad033d608 -> /home/hoskim/Desktop/f/client_to_server_messenger/.git/objects/81/c478a294d4a6603b3d4a4246b0945ad033d608
2025-02-13 10:36:54,742 UTC = INFO - Copied: /home/hoskim/Desktop/42_repositories/client_to_server_messenger/.git/objects/0f/202ae9ab9fd2eebda23d67e908126a68255e34 -> /home/hoskim/Desktop/f/client_to_server_messenger/.git/objects/0f/202ae9ab9fd2eebda23d67e908126a68255e34
2025-02-13 10:36:54,744 UTC = INFO - Copied: /home/hoskim/Desktop/42_repositories/client_to_server_messenger/.git/objects/9b/02feca882325878350b923e381d5b26e1eae3f -> /home/hoskim/Desktop/f/client_to_server_messenger/.git/objects/9b/02feca882325878350b923e381d5b26e1eae3f
2025-02-13 10:36:54,745 UTC = INFO - Copied: /home/hoskim/Desktop/42_repositories/client_to_server_messenger/.git/config -> /home/hoskim/Desktop/f/client_to_server_messenger/.git/config
2025-02-13 10:36:54,746 UTC = INFO - Copied: /home/hoskim/Desktop/42_repositories/client_to_server_messenger/.git/refs/remotes/origin/main -> /home/hoskim/Desktop/f/client_to_server_messenger/.git/refs/remotes/origin/main
2025-02-13 10:36:54,748 UTC = INFO - Copied: /home/hoskim/Desktop/42_repositories/client_to_server_messenger/.git/hooks/pre-push.sample -> /home/hoskim/Desktop/f/client_to_server_messenger/.git/hooks/pre-push.sample
2025-02-13 10:36:54,749 UTC = INFO - Copied: /home/hoskim/Desktop/42_repositories/client_to_server_messenger/.git/refs/remotes/origin/HEAD -> /home/hoskim/Desktop/f/client_to_server_messenger/.git/refs/remotes/origin/HEAD
2025-02-13 10:36:54,750 UTC = INFO - Copied: /home/hoskim/Desktop/42_repositories/client_to_server_messenger/.git/hooks/prepare-commit-msg.sample -> /home/hoskim/Desktop/f/client_to_server_messenger/.git/hooks/prepare-commit-msg.sample
2025-02-13 10:36:54,752 UTC = INFO - Copied: /home/hoskim/Desktop/42_repositories/client_to_server_messenger/.git/objects/f2/0474c277a693599e730121e5bc58a9a2ee03ff -> /home/hoskim/Desktop/f/client_to_server_messenger/.git/objects/f2/0474c277a693599e730121e5bc58a9a2ee03ff
2025-02-13 10:36:54,753 UTC = INFO - Copied: /home/hoskim/Desktop/42_repositories/client_to_server_messenger/.git/objects/50/854071035171e7ae7500bef91b46b073bfec2a -> /home/hoskim/Desktop/f/client_to_server_messenger/.git/objects/50/854071035171e7ae7500bef91b46b073bfec2a
2025-02-13 10:36:54,756 UTC = INFO - Synchronization completed. Waiting 20 seconds...
2025-02-13 10:37:14,792 UTC = INFO - Synchronization completed. Waiting 20 seconds...
2025-02-13 10:37:34,823 UTC = INFO - Synchronization completed. Waiting 20 seconds...
2025-02-13 10:37:54,842 UTC = INFO - Synchronization completed. Waiting 20 seconds...
2025-02-13 10:38:14,874 UTC = INFO - Synchronization completed. Waiting 20 seconds...
2025-02-13 10:38:34,905 UTC = INFO - Synchronization completed. Waiting 20 seconds...
2025-02-13 10:38:54,937 UTC = INFO - Synchronization completed. Waiting 20 seconds...
2025-02-13 10:39:14,968 UTC = INFO - Synchronization completed. Waiting 20 seconds...
2025-02-13 10:39:35,011 UTC = INFO - Synchronization completed. Waiting 20 seconds...
2025-02-13 10:39:55,042 UTC = INFO - Synchronization completed. Waiting 20 seconds...
2025-02-13 10:40:15,074 UTC = INFO - Synchronization completed. Waiting 20 seconds...
2025-02-13 10:40:35,091 UTC = INFO - Synchronization completed. Waiting 20 seconds...
2025-02-13 10:40:55,122 UTC = INFO - Synchronization completed. Waiting 20 seconds...
2025-02-13 10:41:08,204 UTC = INFO - Synchronization stopped by user
2025-02-13 10:41:08,204 UTC = INFO - Snychroniation stopped.
